# JRE version: OpenJDK Runtime Environment Temurin-21.0.11+10 (21.0.11+10) (build 21.0.11+10-LTS)
# Java VM: OpenJDK 64-Bit Server VM Temurin-21.0.11+10 (21.0.11+10-LTS, mixed mode, sharing, tiered, compressed oops, compressed class ptrs, parallel gc, windows-amd64)
GC Precious Log:
 CardTable entry size: 512
 CPUs: 8 total, 8 available
 Memory: 7379M
 Large Page Support: Disabled
 NUMA Support: Disabled
 Compressed Oops: Enabled (32-bit)
 Alignments: Space 512K, Generation 512K, Heap 2M
 Heap Min Capacity: 100M
 Heap Initial Capacity: 100M
 Heap Max Capacity: 2G
 Pre-touch: Disabled
 Parallel Workers: 8
Heap:
 PSYoungGen      total 8704K, used 3766K [0x00000000d5580000, 0x00000000d5f00000, 0x0000000100000000)
  eden space 8192K, 44% used [0x00000000d5580000,0x00000000d5915af0,0x00000000d5d80000)
  from space 512K, 18% used [0x00000000d5e00000,0x00000000d5e18000,0x00000000d5e80000)
  to   space 512K, 0% used [0x00000000d5e80000,0x00000000d5e80000,0x00000000d5f00000)
 ParOldGen       total 790528K, used 790131K [0x0000000080000000, 0x00000000b0400000, 0x00000000d5580000)
  object space 790528K, 99% used [0x0000000080000000,0x00000000b039ce30,0x00000000b0400000)
 Metaspace       used 69735K, committed 71296K, reserved 1114112K
  class space    used 7302K, committed 7936K, reserved 1048576K
GC Heap History (20 events):
Event: 187.626 GC heap before
{Heap before GC invocations=1203 (full 3):
 PSYoungGen      total 9216K, used 8960K [0x00000000d5580000, 0x00000000d6000000, 0x0000000100000000)
  eden space 8192K, 100% used [0x00000000d5580000,0x00000000d5d80000,0x00000000d5d80000)
  from space 1024K, 75% used [0x00000000d5d80000,0x00000000d5e40000,0x00000000d5e80000)
  to   space 1024K, 0% used [0x00000000d5f00000,0x00000000d5f00000,0x00000000d6000000)
 ParOldGen       total 787456K, used 787426K [0x0000000080000000, 0x00000000b0100000, 0x00000000d5580000)
  object space 787456K, 99% used [0x0000000080000000,0x00000000b00f8880,0x00000000b0100000)
 Metaspace       used 69262K, committed 70656K, reserved 1114112K
  class space    used 7272K, committed 7872K, reserved 1048576K
}
Event: 187.629 GC heap after
{Heap after GC invocations=1203 (full 3):
 PSYoungGen      total 9216K, used 768K [0x00000000d5580000, 0x00000000d6000000, 0x0000000100000000)
  eden space 8192K, 0% used [0x00000000d5580000,0x00000000d5580000,0x00000000d5d80000)
  from space 1024K, 75% used [0x00000000d5f00000,0x00000000d5fc0000,0x00000000d6000000)
  to   space 1024K, 0% used [0x00000000d5d80000,0x00000000d5d80000,0x00000000d5e80000)
 ParOldGen       total 788480K, used 788106K [0x0000000080000000, 0x00000000b0200000, 0x00000000d5580000)
  object space 788480K, 99% used [0x0000000080000000,0x00000000b01a2890,0x00000000b0200000)
 Metaspace       used 69262K, committed 70656K, reserved 1114112K
  class space    used 7272K, committed 7872K, reserved 1048576K
}
Event: 191.705 GC heap before
{Heap before GC invocations=1204 (full 3):
 PSYoungGen      total 9216K, used 8960K [0x00000000d5580000, 0x00000000d6000000, 0x0000000100000000)
  eden space 8192K, 100% used [0x00000000d5580000,0x00000000d5d80000,0x00000000d5d80000)
  from space 1024K, 75% used [0x00000000d5f00000,0x00000000d5fc0000,0x00000000d6000000)
  to   space 1024K, 0% used [0x00000000d5d80000,0x00000000d5d80000,0x00000000d5e80000)
 ParOldGen       total 788480K, used 788106K [0x0000000080000000, 0x00000000b0200000, 0x00000000d5580000)
  object space 788480K, 99% used [0x0000000080000000,0x00000000b01a2890,0x00000000b0200000)
 Metaspace       used 69373K, committed 70848K, reserved 1114112K
  class space    used 7277K, committed 7936K, reserved 1048576K
}
Event: 191.709 GC heap after
{Heap after GC invocations=1204 (full 3):
 PSYoungGen      total 9216K, used 832K [0x00000000d5580000, 0x00000000d5f80000, 0x0000000100000000)
  eden space 8192K, 0% used [0x00000000d5580000,0x00000000d5580000,0x00000000d5d80000)
  from space 1024K, 81% used [0x00000000d5d80000,0x00000000d5e50000,0x00000000d5e80000)
  to   space 1024K, 0% used [0x00000000d5e80000,0x00000000d5e80000,0x00000000d5f80000)
 ParOldGen       total 788992K, used 788729K [0x0000000080000000, 0x00000000b0280000, 0x00000000d5580000)
  object space 788992K, 99% used [0x0000000080000000,0x00000000b023e450,0x00000000b0280000)
 Metaspace       used 69373K, committed 70848K, reserved 1114112K
  class space    used 7277K, committed 7936K, reserved 1048576K
}
Event: 2684.875 GC heap before
{Heap before GC invocations=1205 (full 3):
 PSYoungGen      total 9216K, used 9023K [0x00000000d5580000, 0x00000000d5f80000, 0x0000000100000000)
  eden space 8192K, 99% used [0x00000000d5580000,0x00000000d5d7ffb0,0x00000000d5d80000)
  from space 1024K, 81% used [0x00000000d5d80000,0x00000000d5e50000,0x00000000d5e80000)
  to   space 1024K, 0% used [0x00000000d5e80000,0x00000000d5e80000,0x00000000d5f80000)
 ParOldGen       total 788992K, used 788729K [0x0000000080000000, 0x00000000b0280000, 0x00000000d5580000)
  object space 788992K, 99% used [0x0000000080000000,0x00000000b023e450,0x00000000b0280000)
 Metaspace       used 69666K, committed 71104K, reserved 1114112K
  class space    used 7301K, committed 7936K, reserved 1048576K
}
Event: 2685.118 GC heap after
{Heap after GC invocations=1205 (full 3):
 PSYoungGen      total 9216K, used 384K [0x00000000d5580000, 0x00000000d5f80000, 0x0000000100000000)
  eden space 8192K, 0% used [0x00000000d5580000,0x00000000d5580000,0x00000000d5d80000)
  from space 1024K, 37% used [0x00000000d5e80000,0x00000000d5ee0020,0x00000000d5f80000)
  to   space 1024K, 0% used [0x00000000d5d80000,0x00000000d5d80000,0x00000000d5e80000)
 ParOldGen       total 789504K, used 789451K [0x0000000080000000, 0x00000000b0300000, 0x00000000d5580000)
  object space 789504K, 99% used [0x0000000080000000,0x00000000b02f2e10,0x00000000b0300000)
 Metaspace       used 69666K, committed 71104K, reserved 1114112K
  class space    used 7301K, committed 7936K, reserved 1048576K
}
Event: 2789.675 GC heap before
{Heap before GC invocations=1206 (full 3):
 PSYoungGen      total 9216K, used 8576K [0x00000000d5580000, 0x00000000d5f80000, 0x0000000100000000)
  eden space 8192K, 100% used [0x00000000d5580000,0x00000000d5d80000,0x00000000d5d80000)
  from space 1024K, 37% used [0x00000000d5e80000,0x00000000d5ee0020,0x00000000d5f80000)
  to   space 1024K, 0% used [0x00000000d5d80000,0x00000000d5d80000,0x00000000d5e80000)
 ParOldGen       total 789504K, used 789451K [0x0000000080000000, 0x00000000b0300000, 0x00000000d5580000)
  object space 789504K, 99% used [0x0000000080000000,0x00000000b02f2e10,0x00000000b0300000)
 Metaspace       used 69675K, committed 71168K, reserved 1114112K
  class space    used 7301K, committed 7936K, reserved 1048576K
}
Event: 2795.401 GC heap after
{Heap after GC invocations=1206 (full 3):
 PSYoungGen      total 9216K, used 224K [0x00000000d5580000, 0x00000000d5f00000, 0x0000000100000000)
  eden space 8192K, 0% used [0x00000000d5580000,0x00000000d5580000,0x00000000d5d80000)
  from space 1024K, 21% used [0x00000000d5d80000,0x00000000d5db8000,0x00000000d5e80000)
  to   space 512K, 0% used [0x00000000d5e80000,0x00000000d5e80000,0x00000000d5f00000)
 ParOldGen       total 790016K, used 789627K [0x0000000080000000, 0x00000000b0380000, 0x00000000d5580000)
  object space 790016K, 99% used [0x0000000080000000,0x00000000b031ee30,0x00000000b0380000)
 Metaspace       used 69675K, committed 71168K, reserved 1114112K
  class space    used 7301K, committed 7936K, reserved 1048576K
}
Event: 2843.785 GC heap before
{Heap before GC invocations=1207 (full 3):
 PSYoungGen      total 9216K, used 8416K [0x00000000d5580000, 0x00000000d5f00000, 0x0000000100000000)
  eden space 8192K, 100% used [0x00000000d5580000,0x00000000d5d80000,0x00000000d5d80000)
  from space 1024K, 21% used [0x00000000d5d80000,0x00000000d5db8000,0x00000000d5e80000)
  to   space 512K, 0% used [0x00000000d5e80000,0x00000000d5e80000,0x00000000d5f00000)
 ParOldGen       total 790016K, used 789627K [0x0000000080000000, 0x00000000b0380000, 0x00000000d5580000)
  object space 790016K, 99% used [0x0000000080000000,0x00000000b031ee30,0x00000000b0380000)
 Metaspace       used 69701K, committed 71232K, reserved 1114112K
  class space    used 7302K, committed 7936K, reserved 1048576K
}
Event: 2845.535 GC heap after
{Heap after GC invocations=1207 (full 3):
 PSYoungGen      total 8704K, used 512K [0x00000000d5580000, 0x00000000d5f80000, 0x0000000100000000)
  eden space 8192K, 0% used [0x00000000d5580000,0x00000000d5580000,0x00000000d5d80000)
  from space 512K, 100% used [0x00000000d5e80000,0x00000000d5f00000,0x00000000d5f00000)
  to   space 1024K, 0% used [0x00000000d5d80000,0x00000000d5d80000,0x00000000d5e80000)
 ParOldGen       total 790016K, used 789683K [0x0000000080000000, 0x00000000b0380000, 0x00000000d5580000)
  object space 790016K, 99% used [0x0000000080000000,0x00000000b032ce30,0x00000000b0380000)
 Metaspace       used 69701K, committed 71232K, reserved 1114112K
  class space    used 7302K, committed 7936K, reserved 1048576K
}
Event: 2847.785 GC heap before
{Heap before GC invocations=1208 (full 3):
 PSYoungGen      total 8704K, used 8704K [0x00000000d5580000, 0x00000000d5f80000, 0x0000000100000000)
  eden space 8192K, 100% used [0x00000000d5580000,0x00000000d5d80000,0x00000000d5d80000)
  from space 512K, 100% used [0x00000000d5e80000,0x00000000d5f00000,0x00000000d5f00000)
  to   space 1024K, 0% used [0x00000000d5d80000,0x00000000d5d80000,0x00000000d5e80000)
 ParOldGen       total 790016K, used 789683K [0x0000000080000000, 0x00000000b0380000, 0x00000000d5580000)
  object space 790016K, 99% used [0x0000000080000000,0x00000000b032ce30,0x00000000b0380000)
 Metaspace       used 69701K, committed 71232K, reserved 1114112K
  class space    used 7302K, committed 7936K, reserved 1048576K
}
Event: 2847.907 GC heap after
{Heap after GC invocations=1208 (full 3):
 PSYoungGen      total 9216K, used 128K [0x00000000d5580000, 0x00000000d5f00000, 0x0000000100000000)
  eden space 8192K, 0% used [0x00000000d5580000,0x00000000d5580000,0x00000000d5d80000)
  from space 1024K, 12% used [0x00000000d5d80000,0x00000000d5da0000,0x00000000d5e80000)
  to   space 512K, 0% used [0x00000000d5e80000,0x00000000d5e80000,0x00000000d5f00000)
 ParOldGen       total 790528K, used 790043K [0x0000000080000000, 0x00000000b0400000, 0x00000000d5580000)
  object space 790528K, 99% used [0x0000000080000000,0x00000000b0386e30,0x00000000b0400000)
 Metaspace       used 69701K, committed 71232K, reserved 1114112K
  class space    used 7302K, committed 7936K, reserved 1048576K
}
Event: 2849.289 GC heap before
{Heap before GC invocations=1209 (full 3):
 PSYoungGen      total 9216K, used 8320K [0x00000000d5580000, 0x00000000d5f00000, 0x0000000100000000)
  eden space 8192K, 100% used [0x00000000d5580000,0x00000000d5d80000,0x00000000d5d80000)
  from space 1024K, 12% used [0x00000000d5d80000,0x00000000d5da0000,0x00000000d5e80000)
  to   space 512K, 0% used [0x00000000d5e80000,0x00000000d5e80000,0x00000000d5f00000)
 ParOldGen       total 790528K, used 790043K [0x0000000080000000, 0x00000000b0400000, 0x00000000d5580000)
  object space 790528K, 99% used [0x0000000080000000,0x00000000b0386e30,0x00000000b0400000)
 Metaspace       used 69710K, committed 71232K, reserved 1114112K
  class space    used 7302K, committed 7936K, reserved 1048576K
}
Event: 2849.454 GC heap after
{Heap after GC invocations=1209 (full 3):
 PSYoungGen      total 8704K, used 128K [0x00000000d5580000, 0x00000000d5f00000, 0x0000000100000000)
  eden space 8192K, 0% used [0x00000000d5580000,0x00000000d5580000,0x00000000d5d80000)
  from space 512K, 25% used [0x00000000d5e80000,0x00000000d5ea0000,0x00000000d5f00000)
  to   space 512K, 0% used [0x00000000d5e00000,0x00000000d5e00000,0x00000000d5e80000)
 ParOldGen       total 790528K, used 790051K [0x0000000080000000, 0x00000000b0400000, 0x00000000d5580000)
  object space 790528K, 99% used [0x0000000080000000,0x00000000b0388e30,0x00000000b0400000)
 Metaspace       used 69710K, committed 71232K, reserved 1114112K
  class space    used 7302K, committed 7936K, reserved 1048576K
}
Event: 2850.284 GC heap before
{Heap before GC invocations=1210 (full 3):
 PSYoungGen      total 8704K, used 8320K [0x00000000d5580000, 0x00000000d5f00000, 0x0000000100000000)
  eden space 8192K, 100% used [0x00000000d5580000,0x00000000d5d80000,0x00000000d5d80000)
  from space 512K, 25% used [0x00000000d5e80000,0x00000000d5ea0000,0x00000000d5f00000)
  to   space 512K, 0% used [0x00000000d5e00000,0x00000000d5e00000,0x00000000d5e80000)
 ParOldGen       total 790528K, used 790051K [0x0000000080000000, 0x00000000b0400000, 0x00000000d5580000)
  object space 790528K, 99% used [0x0000000080000000,0x00000000b0388e30,0x00000000b0400000)
 Metaspace       used 69716K, committed 71232K, reserved 1114112K
  class space    used 7302K, committed 7936K, reserved 1048576K
}
Event: 2850.911 GC heap after
{Heap after GC invocations=1210 (full 3):
 PSYoungGen      total 8704K, used 256K [0x00000000d5580000, 0x00000000d5f00000, 0x0000000100000000)
  eden space 8192K, 0% used [0x00000000d5580000,0x00000000d5580000,0x00000000d5d80000)
  from space 512K, 50% used [0x00000000d5e00000,0x00000000d5e40000,0x00000000d5e80000)
  to   space 512K, 0% used [0x00000000d5e80000,0x00000000d5e80000,0x00000000d5f00000)
 ParOldGen       total 790528K, used 790059K [0x0000000080000000, 0x00000000b0400000, 0x00000000d5580000)
  object space 790528K, 99% used [0x0000000080000000,0x00000000b038ae30,0x00000000b0400000)
 Metaspace       used 69716K, committed 71232K, reserved 1114112K
  class space    used 7302K, committed 7936K, reserved 1048576K
}
Event: 2856.835 GC heap before
{Heap before GC invocations=1211 (full 3):
 PSYoungGen      total 8704K, used 8448K [0x00000000d5580000, 0x00000000d5f00000, 0x0000000100000000)
  eden space 8192K, 100% used [0x00000000d5580000,0x00000000d5d80000,0x00000000d5d80000)
  from space 512K, 50% used [0x00000000d5e00000,0x00000000d5e40000,0x00000000d5e80000)
  to   space 512K, 0% used [0x00000000d5e80000,0x00000000d5e80000,0x00000000d5f00000)
 ParOldGen       total 790528K, used 790059K [0x0000000080000000, 0x00000000b0400000, 0x00000000d5580000)
  object space 790528K, 99% used [0x0000000080000000,0x00000000b038ae30,0x00000000b0400000)
 Metaspace       used 69721K, committed 71232K, reserved 1114112K
  class space    used 7302K, committed 7936K, reserved 1048576K
}
Event: 2857.124 GC heap after
{Heap after GC invocations=1211 (full 3):
 PSYoungGen      total 8704K, used 160K [0x00000000d5580000, 0x00000000d5f00000, 0x0000000100000000)
  eden space 8192K, 0% used [0x00000000d5580000,0x00000000d5580000,0x00000000d5d80000)
  from space 512K, 31% used [0x00000000d5e80000,0x00000000d5ea8000,0x00000000d5f00000)
  to   space 512K, 0% used [0x00000000d5e00000,0x00000000d5e00000,0x00000000d5e80000)
 ParOldGen       total 790528K, used 790083K [0x0000000080000000, 0x00000000b0400000, 0x00000000d5580000)
  object space 790528K, 99% used [0x0000000080000000,0x00000000b0390e30,0x00000000b0400000)
 Metaspace       used 69721K, committed 71232K, reserved 1114112K
  class space    used 7302K, committed 7936K, reserved 1048576K
}
Event: 2859.889 GC heap before
{Heap before GC invocations=1212 (full 3):
 PSYoungGen      total 8704K, used 8352K [0x00000000d5580000, 0x00000000d5f00000, 0x0000000100000000)
  eden space 8192K, 100% used [0x00000000d5580000,0x00000000d5d80000,0x00000000d5d80000)
  from space 512K, 31% used [0x00000000d5e80000,0x00000000d5ea8000,0x00000000d5f00000)
  to   space 512K, 0% used [0x00000000d5e00000,0x00000000d5e00000,0x00000000d5e80000)
 ParOldGen       total 790528K, used 790083K [0x0000000080000000, 0x00000000b0400000, 0x00000000d5580000)
  object space 790528K, 99% used [0x0000000080000000,0x00000000b0390e30,0x00000000b0400000)
 Metaspace       used 69722K, committed 71232K, reserved 1114112K
  class space    used 7302K, committed 7936K, reserved 1048576K
}
Event: 2859.944 GC heap after
{Heap after GC invocations=1212 (full 3):
 PSYoungGen      total 8704K, used 96K [0x00000000d5580000, 0x00000000d5f00000, 0x0000000100000000)
  eden space 8192K, 0% used [0x00000000d5580000,0x00000000d5580000,0x00000000d5d80000)
  from space 512K, 18% used [0x00000000d5e00000,0x00000000d5e18000,0x00000000d5e80000)
  to   space 512K, 0% used [0x00000000d5e80000,0x00000000d5e80000,0x00000000d5f00000)
 ParOldGen       total 790528K, used 790099K [0x0000000080000000, 0x00000000b0400000, 0x00000000d5580000)
  object space 790528K, 99% used [0x0000000080000000,0x00000000b0394e30,0x00000000b0400000)
 Metaspace       used 69722K, committed 71232K, reserved 1114112K
  class space    used 7302K, committed 7936K, reserved 1048576K
}

